<?xml version="1.0" encoding="UTF-8"?>
<testsuite name="com.erp.mes.sqlBuilder.ItemBuilderTest" tests="4" skipped="0" failures="3" errors="0" timestamp="2024-09-11T04:15:56" hostname="JIHYE" time="0.025">
  <properties/>
  <testcase name="shouldSelectAllWithoutParams()" classname="com.erp.mes.sqlBuilder.ItemBuilderTest" time="0.019">
    <failure message="org.opentest4j.AssertionFailedError: expected: &lt;SELECT i.item_id, i.name, i.spec, i.unit, i.price, i.create_date, s.name AS supplierName, p.leadtime&#10;FROM item i&#10;JOIN plan p ON p.item_id = i.item_id&#10;JOIN supplier s ON s.sup_id = p.sup_id&#10;ORDER BY i.name ASC&gt; but was: &lt;SELECT i.item_id as itemId, i.item_code, i.name, i.spec, i.unit, i.price, i.create_date as createDate, p.leadtime&#10;FROM item i&#10;JOIN plan p ON p.item_id = i.item_id&#10;ORDER BY i.name ASC&gt;" type="org.opentest4j.AssertionFailedError">org.opentest4j.AssertionFailedError: expected: &lt;SELECT i.item_id, i.name, i.spec, i.unit, i.price, i.create_date, s.name AS supplierName, p.leadtime
FROM item i
JOIN plan p ON p.item_id = i.item_id
JOIN supplier s ON s.sup_id = p.sup_id
ORDER BY i.name ASC&gt; but was: &lt;SELECT i.item_id as itemId, i.item_code, i.name, i.spec, i.unit, i.price, i.create_date as createDate, p.leadtime
FROM item i
JOIN plan p ON p.item_id = i.item_id
ORDER BY i.name ASC&gt;
	at app//org.junit.jupiter.api.AssertionFailureBuilder.build(AssertionFailureBuilder.java:151)
	at app//org.junit.jupiter.api.AssertionFailureBuilder.buildAndThrow(AssertionFailureBuilder.java:132)
	at app//org.junit.jupiter.api.AssertEquals.failNotEqual(AssertEquals.java:197)
	at app//org.junit.jupiter.api.AssertEquals.assertEquals(AssertEquals.java:182)
	at app//org.junit.jupiter.api.AssertEquals.assertEquals(AssertEquals.java:177)
	at app//org.junit.jupiter.api.Assertions.assertEquals(Assertions.java:1145)
	at app//com.erp.mes.sqlBuilder.ItemBuilderTest.shouldSelectAllWithoutParams(ItemBuilderTest.java:32)
	at java.base@17.0.12/java.lang.reflect.Method.invoke(Method.java:569)
	at java.base@17.0.12/java.util.ArrayList.forEach(ArrayList.java:1511)
	at java.base@17.0.12/java.util.ArrayList.forEach(ArrayList.java:1511)
</failure>
  </testcase>
  <testcase name="shouldLimitToItemId()" classname="com.erp.mes.sqlBuilder.ItemBuilderTest" time="0.002">
    <failure message="org.opentest4j.AssertionFailedError: expected: &lt;SELECT i.item_id, i.name, i.spec, i.unit, i.price, i.create_date, s.name AS supplierName, p.leadtime&#10;FROM item i&#10;JOIN plan p ON p.item_id = i.item_id&#10;JOIN supplier s ON s.sup_id = p.sup_id&#10;WHERE (i.item_id = #{itemId})&#10;ORDER BY i.name ASC&gt; but was: &lt;SELECT i.item_id as itemId, i.item_code, i.name, i.spec, i.unit, i.price, i.create_date as createDate, p.leadtime&#10;FROM item i&#10;JOIN plan p ON p.item_id = i.item_id&#10;WHERE (i.item_id = #{itemId})&#10;ORDER BY i.name ASC&gt;" type="org.opentest4j.AssertionFailedError">org.opentest4j.AssertionFailedError: expected: &lt;SELECT i.item_id, i.name, i.spec, i.unit, i.price, i.create_date, s.name AS supplierName, p.leadtime
FROM item i
JOIN plan p ON p.item_id = i.item_id
JOIN supplier s ON s.sup_id = p.sup_id
WHERE (i.item_id = #{itemId})
ORDER BY i.name ASC&gt; but was: &lt;SELECT i.item_id as itemId, i.item_code, i.name, i.spec, i.unit, i.price, i.create_date as createDate, p.leadtime
FROM item i
JOIN plan p ON p.item_id = i.item_id
WHERE (i.item_id = #{itemId})
ORDER BY i.name ASC&gt;
	at app//org.junit.jupiter.api.AssertionFailureBuilder.build(AssertionFailureBuilder.java:151)
	at app//org.junit.jupiter.api.AssertionFailureBuilder.buildAndThrow(AssertionFailureBuilder.java:132)
	at app//org.junit.jupiter.api.AssertEquals.failNotEqual(AssertEquals.java:197)
	at app//org.junit.jupiter.api.AssertEquals.assertEquals(AssertEquals.java:182)
	at app//org.junit.jupiter.api.AssertEquals.assertEquals(AssertEquals.java:177)
	at app//org.junit.jupiter.api.Assertions.assertEquals(Assertions.java:1145)
	at app//com.erp.mes.sqlBuilder.ItemBuilderTest.shouldLimitToItemId(ItemBuilderTest.java:48)
	at java.base@17.0.12/java.lang.reflect.Method.invoke(Method.java:569)
	at java.base@17.0.12/java.util.ArrayList.forEach(ArrayList.java:1511)
	at java.base@17.0.12/java.util.ArrayList.forEach(ArrayList.java:1511)
</failure>
  </testcase>
  <testcase name="shouldLimitToKeyword()" classname="com.erp.mes.sqlBuilder.ItemBuilderTest" time="0.002">
    <failure message="org.opentest4j.AssertionFailedError: expected: &lt;SELECT i.item_id, i.name, i.spec, i.unit, i.price, i.create_date, s.name AS supplierName, p.leadtime&#10;FROM item i&#10;JOIN plan p ON p.item_id = i.item_id&#10;JOIN supplier s ON s.sup_id = p.sup_id&#10;WHERE (i.name LIKE CONCAT('%', #{keyword}, '%'))&#10;ORDER BY i.name ASC&gt; but was: &lt;SELECT i.item_id as itemId, i.item_code, i.name, i.spec, i.unit, i.price, i.create_date as createDate, p.leadtime&#10;FROM item i&#10;JOIN plan p ON p.item_id = i.item_id&#10;WHERE (i.name LIKE CONCAT('%', #{keyword}, '%'))&#10;ORDER BY i.name ASC&gt;" type="org.opentest4j.AssertionFailedError">org.opentest4j.AssertionFailedError: expected: &lt;SELECT i.item_id, i.name, i.spec, i.unit, i.price, i.create_date, s.name AS supplierName, p.leadtime
FROM item i
JOIN plan p ON p.item_id = i.item_id
JOIN supplier s ON s.sup_id = p.sup_id
WHERE (i.name LIKE CONCAT('%', #{keyword}, '%'))
ORDER BY i.name ASC&gt; but was: &lt;SELECT i.item_id as itemId, i.item_code, i.name, i.spec, i.unit, i.price, i.create_date as createDate, p.leadtime
FROM item i
JOIN plan p ON p.item_id = i.item_id
WHERE (i.name LIKE CONCAT('%', #{keyword}, '%'))
ORDER BY i.name ASC&gt;
	at app//org.junit.jupiter.api.AssertionFailureBuilder.build(AssertionFailureBuilder.java:151)
	at app//org.junit.jupiter.api.AssertionFailureBuilder.buildAndThrow(AssertionFailureBuilder.java:132)
	at app//org.junit.jupiter.api.AssertEquals.failNotEqual(AssertEquals.java:197)
	at app//org.junit.jupiter.api.AssertEquals.assertEquals(AssertEquals.java:182)
	at app//org.junit.jupiter.api.AssertEquals.assertEquals(AssertEquals.java:177)
	at app//org.junit.jupiter.api.Assertions.assertEquals(Assertions.java:1145)
	at app//com.erp.mes.sqlBuilder.ItemBuilderTest.shouldLimitToKeyword(ItemBuilderTest.java:64)
	at java.base@17.0.12/java.lang.reflect.Method.invoke(Method.java:569)
	at java.base@17.0.12/java.util.ArrayList.forEach(ArrayList.java:1511)
	at java.base@17.0.12/java.util.ArrayList.forEach(ArrayList.java:1511)
</failure>
  </testcase>
  <testcase name="shouldRejectNullParams()" classname="com.erp.mes.sqlBuilder.ItemBuilderTest" time="0.001"/>
  <system-out><![CDATA[]]></system-out>
  <system-err><![CDATA[]]></system-err>
</testsuite>
